<?xml version="1.0" encoding="UTF-8"?>
<!-- Generated by org.testng.reporters.JUnitXMLReporter -->
<testsuite ignored="0" hostname="Tejaswi" failures="0" tests="6" name="Test" time="232.914" errors="0" timestamp="2024-09-10T20:34:17 CDT">
  <testcase classname="airlines.Project2.Testcase5_searchforRoundtrip" name="roundtrip_selection" time="18.417"/>
  <testcase classname="airlines.Project2.Testcase7_Multicity_selection" name="multicity_search" time="26.243"/>
  <testcase classname="airlines.Project2.Testcase4_Oneway_searchflight" name="searchforflight" time="17.784"/>
  <testcase classname="airlines.Project2.Testcase6_economy_Business" name="validating_business_class" time="22.05"/>
  <testcase classname="airlines.Project2.Testcase8_Seatselection" name="seatselection" time="56.228"/>
  <testcase classname="airlines.Project2.Testcase9_MultiplePassengers_Singlebooking" name="multiplepassengers" time="39.602"/>
</testsuite> <!-- Test -->
