<?xml version="1.0" encoding="UTF-8"?>
<!-- Generated by org.testng.reporters.JUnitXMLReporter -->
<testsuite ignored="0" hostname="Tejaswi" failures="0" tests="7" name="Test" time="275.836" errors="0" timestamp="2024-09-10T20:47:06 CDT">
  <testcase classname="airlines.Project2.Testcase5_searchforRoundtrip" name="roundtrip_selection" time="18.573"/>
  <testcase classname="airlines.Project2.Testcase7_Multicity_selection" name="multicity_search" time="26.959"/>
  <testcase classname="airlines.Project2.Testcase4_Oneway_searchflight" name="searchforflight" time="18.218"/>
  <testcase classname="airlines.Project2.Testcase6_economy_Business" name="validating_business_class" time="22.265"/>
  <testcase classname="airlines.Project2.Testcase8_Seatselection" name="seatselection" time="52.722"/>
  <testcase classname="airlines.Project2.Testcase9_MultiplePassengers_Singlebooking" name="multiplepassengers" time="43.612">
    <skipped/>
  </testcase> <!-- multiplepassengers -->
  <testcase classname="airlines.Project2.Testcase9_MultiplePassengers_Singlebooking" name="multiplepassengers" time="39.629"/>
</testsuite> <!-- Test -->
