<?xml version="1.0" encoding="UTF-8"?>
<testng-results retried="1" ignored="1" total="8" passed="6" failed="0" skipped="0">
  <reporter-output>
    <line>
      <![CDATA[Test case is pass]]>
    </line>
    <line>
      <![CDATA[Test case is pass]]>
    </line>
    <line>
      <![CDATA[Test case is pass]]>
    </line>
    <line>
      <![CDATA[Test case is pass]]>
    </line>
    <line>
      <![CDATA[Test case is pass]]>
    </line>
    <line>
      <![CDATA[Test case is pass]]>
    </line>
  </reporter-output>
  <suite started-at="2024-09-10T20:42:30 CDT" name="Suite" finished-at="2024-09-10T20:47:06 CDT" duration-ms="275836">
    <groups>
    </groups>
    <test started-at="2024-09-10T20:42:30 CDT" name="Test" finished-at="2024-09-10T20:47:06 CDT" duration-ms="275836">
      <class name="airlines.Project2.Testcase5_searchforRoundtrip">
        <test-method is-config="true" signature="launch_browser()[pri:0, instance:airlines.Project2.Testcase5_searchforRoundtrip@5b03b9fe]" started-at="2024-09-10T20:42:30 CDT" name="launch_browser" finished-at="2024-09-10T20:42:33 CDT" duration-ms="2828" status="PASS">
          <reporter-output>
          </reporter-output>
        </test-method> <!-- launch_browser -->
        <test-method signature="roundtrip_selection()[pri:0, instance:airlines.Project2.Testcase5_searchforRoundtrip@5b03b9fe]" started-at="2024-09-10T20:42:33 CDT" name="roundtrip_selection" finished-at="2024-09-10T20:42:52 CDT" duration-ms="18573" status="PASS">
          <reporter-output>
            <line>
              <![CDATA[Test case is pass]]>
            </line>
          </reporter-output>
        </test-method> <!-- roundtrip_selection -->
        <test-method is-config="true" signature="quit()[pri:0, instance:airlines.Project2.Testcase5_searchforRoundtrip@5b03b9fe]" started-at="2024-09-10T20:42:52 CDT" name="quit" finished-at="2024-09-10T20:42:57 CDT" duration-ms="5516" status="PASS">
          <reporter-output>
          </reporter-output>
        </test-method> <!-- quit -->
      </class> <!-- airlines.Project2.Testcase5_searchforRoundtrip -->
      <class name="airlines.Project2.Testcase7_Multicity_selection">
        <test-method is-config="true" signature="launch_browser()[pri:0, instance:airlines.Project2.Testcase7_Multicity_selection@13fd2ccd]" started-at="2024-09-10T20:42:57 CDT" name="launch_browser" finished-at="2024-09-10T20:42:59 CDT" duration-ms="1975" status="PASS">
          <reporter-output>
          </reporter-output>
        </test-method> <!-- launch_browser -->
        <test-method signature="multicity_search()[pri:0, instance:airlines.Project2.Testcase7_Multicity_selection@13fd2ccd]" started-at="2024-09-10T20:42:59 CDT" name="multicity_search" finished-at="2024-09-10T20:43:26 CDT" duration-ms="26959" status="PASS">
          <reporter-output>
            <line>
              <![CDATA[Test case is pass]]>
            </line>
          </reporter-output>
        </test-method> <!-- multicity_search -->
        <test-method is-config="true" signature="quit()[pri:0, instance:airlines.Project2.Testcase7_Multicity_selection@13fd2ccd]" started-at="2024-09-10T20:43:26 CDT" name="quit" finished-at="2024-09-10T20:43:32 CDT" duration-ms="5275" status="PASS">
          <reporter-output>
          </reporter-output>
        </test-method> <!-- quit -->
      </class> <!-- airlines.Project2.Testcase7_Multicity_selection -->
      <class name="airlines.Project2.Testcase4_Oneway_searchflight">
        <test-method is-config="true" signature="launch_browser()[pri:0, instance:airlines.Project2.Testcase4_Oneway_searchflight@b9b00e0]" started-at="2024-09-10T20:43:32 CDT" name="launch_browser" finished-at="2024-09-10T20:43:34 CDT" duration-ms="2027" status="PASS">
          <reporter-output>
          </reporter-output>
        </test-method> <!-- launch_browser -->
        <test-method signature="searchforflight()[pri:0, instance:airlines.Project2.Testcase4_Oneway_searchflight@b9b00e0]" started-at="2024-09-10T20:43:34 CDT" name="searchforflight" finished-at="2024-09-10T20:43:52 CDT" duration-ms="18218" status="PASS">
          <reporter-output>
            <line>
              <![CDATA[Test case is pass]]>
            </line>
          </reporter-output>
        </test-method> <!-- searchforflight -->
        <test-method is-config="true" signature="quit()[pri:0, instance:airlines.Project2.Testcase4_Oneway_searchflight@b9b00e0]" started-at="2024-09-10T20:43:52 CDT" name="quit" finished-at="2024-09-10T20:43:57 CDT" duration-ms="5294" status="PASS">
          <reporter-output>
          </reporter-output>
        </test-method> <!-- quit -->
      </class> <!-- airlines.Project2.Testcase4_Oneway_searchflight -->
      <class name="airlines.Project2.Testcase8_Seatselection">
        <test-method is-config="true" signature="launch_browser()[pri:0, instance:airlines.Project2.Testcase8_Seatselection@7d4f9aae]" started-at="2024-09-10T20:44:27 CDT" name="launch_browser" finished-at="2024-09-10T20:44:29 CDT" duration-ms="2123" status="PASS">
          <reporter-output>
          </reporter-output>
        </test-method> <!-- launch_browser -->
        <test-method signature="seatselection()[pri:0, instance:airlines.Project2.Testcase8_Seatselection@7d4f9aae]" started-at="2024-09-10T20:44:29 CDT" name="seatselection" finished-at="2024-09-10T20:45:22 CDT" duration-ms="52722" status="PASS">
          <reporter-output>
            <line>
              <![CDATA[Test case is pass]]>
            </line>
          </reporter-output>
        </test-method> <!-- seatselection -->
        <test-method is-config="true" signature="quit()[pri:0, instance:airlines.Project2.Testcase8_Seatselection@7d4f9aae]" started-at="2024-09-10T20:45:22 CDT" name="quit" finished-at="2024-09-10T20:45:27 CDT" duration-ms="5275" status="PASS">
          <reporter-output>
          </reporter-output>
        </test-method> <!-- quit -->
      </class> <!-- airlines.Project2.Testcase8_Seatselection -->
      <class name="airlines.Project2.Testcase6_economy_Business">
        <test-method is-config="true" signature="launch_browser()[pri:0, instance:airlines.Project2.Testcase6_economy_Business@506ae4d4]" started-at="2024-09-10T20:43:57 CDT" name="launch_browser" finished-at="2024-09-10T20:43:59 CDT" duration-ms="1919" status="PASS">
          <reporter-output>
          </reporter-output>
        </test-method> <!-- launch_browser -->
        <test-method signature="validating_business_class()[pri:0, instance:airlines.Project2.Testcase6_economy_Business@506ae4d4]" started-at="2024-09-10T20:43:59 CDT" name="validating_business_class" finished-at="2024-09-10T20:44:22 CDT" duration-ms="22265" status="PASS">
          <reporter-output>
            <line>
              <![CDATA[Test case is pass]]>
            </line>
          </reporter-output>
        </test-method> <!-- validating_business_class -->
        <test-method is-config="true" signature="quit()[pri:0, instance:airlines.Project2.Testcase6_economy_Business@506ae4d4]" started-at="2024-09-10T20:44:22 CDT" name="quit" finished-at="2024-09-10T20:44:27 CDT" duration-ms="5325" status="PASS">
          <reporter-output>
          </reporter-output>
        </test-method> <!-- quit -->
      </class> <!-- airlines.Project2.Testcase6_economy_Business -->
      <class name="airlines.Project2.Testcase9_MultiplePassengers_Singlebooking">
        <test-method is-config="true" signature="launch_browser()[pri:0, instance:airlines.Project2.Testcase9_MultiplePassengers_Singlebooking@72e5a8e]" started-at="2024-09-10T20:45:27 CDT" name="launch_browser" finished-at="2024-09-10T20:45:29 CDT" duration-ms="2137" status="PASS">
          <reporter-output>
          </reporter-output>
        </test-method> <!-- launch_browser -->
        <test-method retried="true" signature="multiplepassengers()[pri:0, instance:airlines.Project2.Testcase9_MultiplePassengers_Singlebooking@72e5a8e]" started-at="2024-09-10T20:45:29 CDT" name="multiplepassengers" finished-at="2024-09-10T20:46:13 CDT" duration-ms="43612" status="SKIP">
          <exception class="org.openqa.selenium.ElementNotInteractableException">
            <message>
              <![CDATA[element not interactable
  (Session info: chrome=128.0.6613.120)
Build info: version: '4.23.0', revision: '4df0a231af'
System info: os.name: 'Windows 11', os.arch: 'amd64', os.version: '10.0', java.version: '17.0.11'
Driver info: org.openqa.selenium.chrome.ChromeDriver
Command: [4181e3ef1255ff4ca09f2c9a18ad6839, sendKeysToElement {value=[Ljava.lang.CharSequence;@21da4b5f, id=f.B6E14E191991E3B04E8A41877264370E.d.1C11DCB04031F12F2F0BDDBB314D944A.e.283}]
Capabilities {acceptInsecureCerts: false, browserName: chrome, browserVersion: 128.0.6613.120, chrome: {chromedriverVersion: 128.0.6613.137 (fe621c5aa2d..., userDataDir: C:\Users\banal\AppData\Loca...}, fedcm:accounts: true, goog:chromeOptions: {debuggerAddress: localhost:59731}, networkConnectionEnabled: false, pageLoadStrategy: normal, platformName: windows, proxy: Proxy(), se:cdp: ws://localhost:59731/devtoo..., se:cdpVersion: 128.0.6613.120, setWindowRect: true, strictFileInteractability: false, timeouts: {implicit: 0, pageLoad: 300000, script: 30000}, unhandledPromptBehavior: dismiss and notify, webauthn:extension:credBlob: true, webauthn:extension:largeBlob: true, webauthn:extension:minPinLength: true, webauthn:extension:prf: true, webauthn:virtualAuthenticators: true}
Element: [[ChromeDriver: chrome on windows (4181e3ef1255ff4ca09f2c9a18ad6839)] -> xpath: (//input[@placeholder="First & Middle Name"])[1]]
Session ID: 4181e3ef1255ff4ca09f2c9a18ad6839]]>
            </message>
            <full-stacktrace>
              <![CDATA[org.openqa.selenium.ElementNotInteractableException: element not interactable
  (Session info: chrome=128.0.6613.120)
Build info: version: '4.23.0', revision: '4df0a231af'
System info: os.name: 'Windows 11', os.arch: 'amd64', os.version: '10.0', java.version: '17.0.11'
Driver info: org.openqa.selenium.chrome.ChromeDriver
Command: [4181e3ef1255ff4ca09f2c9a18ad6839, sendKeysToElement {value=[Ljava.lang.CharSequence;@21da4b5f, id=f.B6E14E191991E3B04E8A41877264370E.d.1C11DCB04031F12F2F0BDDBB314D944A.e.283}]
Capabilities {acceptInsecureCerts: false, browserName: chrome, browserVersion: 128.0.6613.120, chrome: {chromedriverVersion: 128.0.6613.137 (fe621c5aa2d..., userDataDir: C:\Users\banal\AppData\Loca...}, fedcm:accounts: true, goog:chromeOptions: {debuggerAddress: localhost:59731}, networkConnectionEnabled: false, pageLoadStrategy: normal, platformName: windows, proxy: Proxy(), se:cdp: ws://localhost:59731/devtoo..., se:cdpVersion: 128.0.6613.120, setWindowRect: true, strictFileInteractability: false, timeouts: {implicit: 0, pageLoad: 300000, script: 30000}, unhandledPromptBehavior: dismiss and notify, webauthn:extension:credBlob: true, webauthn:extension:largeBlob: true, webauthn:extension:minPinLength: true, webauthn:extension:prf: true, webauthn:virtualAuthenticators: true}
Element: [[ChromeDriver: chrome on windows (4181e3ef1255ff4ca09f2c9a18ad6839)] -> xpath: (//input[@placeholder="First & Middle Name"])[1]]
Session ID: 4181e3ef1255ff4ca09f2c9a18ad6839
at java.base/jdk.internal.reflect.NativeConstructorAccessorImpl.newInstance0(Native Method)
at java.base/jdk.internal.reflect.NativeConstructorAccessorImpl.newInstance(NativeConstructorAccessorImpl.java:77)
at java.base/jdk.internal.reflect.DelegatingConstructorAccessorImpl.newInstance(DelegatingConstructorAccessorImpl.java:45)
at java.base/java.lang.reflect.Constructor.newInstanceWithCaller(Constructor.java:499)
at java.base/java.lang.reflect.Constructor.newInstance(Constructor.java:480)
at org.openqa.selenium.remote.ErrorCodec.decode(ErrorCodec.java:167)
at org.openqa.selenium.remote.codec.w3c.W3CHttpResponseCodec.decode(W3CHttpResponseCodec.java:138)
at org.openqa.selenium.remote.codec.w3c.W3CHttpResponseCodec.decode(W3CHttpResponseCodec.java:50)
at org.openqa.selenium.remote.HttpCommandExecutor.execute(HttpCommandExecutor.java:190)
at org.openqa.selenium.remote.service.DriverCommandExecutor.invokeExecute(DriverCommandExecutor.java:216)
at org.openqa.selenium.remote.service.DriverCommandExecutor.execute(DriverCommandExecutor.java:174)
at org.openqa.selenium.remote.RemoteWebDriver.execute(RemoteWebDriver.java:527)
at org.openqa.selenium.remote.RemoteWebElement.execute(RemoteWebElement.java:223)
at org.openqa.selenium.remote.RemoteWebElement.sendKeys(RemoteWebElement.java:110)
at jdk.internal.reflect.GeneratedMethodAccessor1.invoke(Unknown Source)
at java.base/jdk.internal.reflect.DelegatingMethodAccessorImpl.invoke(DelegatingMethodAccessorImpl.java:43)
at java.base/java.lang.reflect.Method.invoke(Method.java:568)
at org.openqa.selenium.support.pagefactory.internal.LocatingElementHandler.invoke(LocatingElementHandler.java:51)
at jdk.proxy2/jdk.proxy2.$Proxy10.sendKeys(Unknown Source)
at airlines.Project2.Searchresultspage_Makemytrip.firstname(Searchresultspage_Makemytrip.java:127)
at airlines.Project2.Testcase9_MultiplePassengers_Singlebooking.multiplepassengers(Testcase9_MultiplePassengers_Singlebooking.java:52)
at java.base/jdk.internal.reflect.NativeMethodAccessorImpl.invoke0(Native Method)
at java.base/jdk.internal.reflect.NativeMethodAccessorImpl.invoke(NativeMethodAccessorImpl.java:77)
at java.base/jdk.internal.reflect.DelegatingMethodAccessorImpl.invoke(DelegatingMethodAccessorImpl.java:43)
at java.base/java.lang.reflect.Method.invoke(Method.java:568)
at org.testng.internal.invokers.MethodInvocationHelper.invokeMethod(MethodInvocationHelper.java:139)
at org.testng.internal.invokers.TestInvoker.invokeMethod(TestInvoker.java:664)
at org.testng.internal.invokers.TestInvoker.invokeTestMethod(TestInvoker.java:227)
at org.testng.internal.invokers.MethodRunner.runInSequence(MethodRunner.java:50)
at org.testng.internal.invokers.TestInvoker$MethodInvocationAgent.invoke(TestInvoker.java:957)
at org.testng.internal.invokers.TestInvoker.invokeTestMethods(TestInvoker.java:200)
at org.testng.internal.invokers.TestMethodWorker.invokeTestMethods(TestMethodWorker.java:148)
at org.testng.internal.invokers.TestMethodWorker.run(TestMethodWorker.java:128)
at java.base/java.util.ArrayList.forEach(ArrayList.java:1511)
at org.testng.TestRunner.privateRun(TestRunner.java:848)
at org.testng.TestRunner.run(TestRunner.java:621)
at org.testng.SuiteRunner.runTest(SuiteRunner.java:443)
at org.testng.SuiteRunner.runSequentially(SuiteRunner.java:437)
at org.testng.SuiteRunner.privateRun(SuiteRunner.java:397)
at org.testng.SuiteRunner.run(SuiteRunner.java:336)
at org.testng.SuiteRunnerWorker.runSuite(SuiteRunnerWorker.java:52)
at org.testng.SuiteRunnerWorker.run(SuiteRunnerWorker.java:95)
at org.testng.TestNG.runSuitesSequentially(TestNG.java:1280)
at org.testng.TestNG.runSuitesLocally(TestNG.java:1200)
at org.testng.TestNG.runSuites(TestNG.java:1114)
at org.testng.TestNG.run(TestNG.java:1082)
at org.apache.maven.surefire.testng.TestNGExecutor.run(TestNGExecutor.java:308)
at org.apache.maven.surefire.testng.TestNGXmlTestSuite.execute(TestNGXmlTestSuite.java:71)
at org.apache.maven.surefire.testng.TestNGProvider.invoke(TestNGProvider.java:113)
at org.apache.maven.surefire.booter.ForkedBooter.runSuitesInProcess(ForkedBooter.java:385)
at org.apache.maven.surefire.booter.ForkedBooter.execute(ForkedBooter.java:162)
at org.apache.maven.surefire.booter.ForkedBooter.run(ForkedBooter.java:507)
at org.apache.maven.surefire.booter.ForkedBooter.main(ForkedBooter.java:495)
]]>
            </full-stacktrace>
          </exception> <!-- org.openqa.selenium.ElementNotInteractableException -->
          <reporter-output>
          </reporter-output>
        </test-method> <!-- multiplepassengers -->
        <test-method is-config="true" signature="quit()[pri:0, instance:airlines.Project2.Testcase9_MultiplePassengers_Singlebooking@72e5a8e]" started-at="2024-09-10T20:46:13 CDT" name="quit" finished-at="2024-09-10T20:46:18 CDT" duration-ms="5270" status="PASS">
          <reporter-output>
          </reporter-output>
        </test-method> <!-- quit -->
        <test-method is-config="true" signature="launch_browser()[pri:0, instance:airlines.Project2.Testcase9_MultiplePassengers_Singlebooking@72e5a8e]" started-at="2024-09-10T20:46:18 CDT" name="launch_browser" finished-at="2024-09-10T20:46:21 CDT" duration-ms="2684" status="PASS">
          <reporter-output>
          </reporter-output>
        </test-method> <!-- launch_browser -->
        <test-method signature="multiplepassengers()[pri:0, instance:airlines.Project2.Testcase9_MultiplePassengers_Singlebooking@72e5a8e]" started-at="2024-09-10T20:46:21 CDT" name="multiplepassengers" finished-at="2024-09-10T20:47:01 CDT" duration-ms="39629" status="PASS">
          <reporter-output>
            <line>
              <![CDATA[Test case is pass]]>
            </line>
          </reporter-output>
        </test-method> <!-- multiplepassengers -->
        <test-method is-config="true" signature="quit()[pri:0, instance:airlines.Project2.Testcase9_MultiplePassengers_Singlebooking@72e5a8e]" started-at="2024-09-10T20:47:01 CDT" name="quit" finished-at="2024-09-10T20:47:06 CDT" duration-ms="5336" status="PASS">
          <reporter-output>
          </reporter-output>
        </test-method> <!-- quit -->
      </class> <!-- airlines.Project2.Testcase9_MultiplePassengers_Singlebooking -->
    </test> <!-- Test -->
  </suite> <!-- Suite -->
</testng-results>
