<?xml version="1.0" encoding="UTF-8"?>
<testng-results ignored="0" total="6" passed="6" failed="0" skipped="0">
  <reporter-output>
    <line>
      <![CDATA[Test case is pass]]>
    </line>
    <line>
      <![CDATA[Test case is pass]]>
    </line>
    <line>
      <![CDATA[Test case is pass]]>
    </line>
    <line>
      <![CDATA[Test case is pass]]>
    </line>
    <line>
      <![CDATA[Test case is pass]]>
    </line>
    <line>
      <![CDATA[Test case is pass]]>
    </line>
  </reporter-output>
  <suite started-at="2024-09-10T20:30:24 CDT" name="Suite" finished-at="2024-09-10T20:34:17 CDT" duration-ms="232914">
    <groups>
    </groups>
    <test started-at="2024-09-10T20:30:24 CDT" name="Test" finished-at="2024-09-10T20:34:17 CDT" duration-ms="232914">
      <class name="airlines.Project2.Testcase5_searchforRoundtrip">
        <test-method is-config="true" signature="launch_browser()[pri:0, instance:airlines.Project2.Testcase5_searchforRoundtrip@5ba3f27a]" started-at="2024-09-10T20:30:24 CDT" name="launch_browser" finished-at="2024-09-10T20:30:34 CDT" duration-ms="9954" status="PASS">
          <reporter-output>
          </reporter-output>
        </test-method> <!-- launch_browser -->
        <test-method signature="roundtrip_selection()[pri:0, instance:airlines.Project2.Testcase5_searchforRoundtrip@5ba3f27a]" started-at="2024-09-10T20:30:34 CDT" name="roundtrip_selection" finished-at="2024-09-10T20:30:53 CDT" duration-ms="18417" status="PASS">
          <reporter-output>
            <line>
              <![CDATA[Test case is pass]]>
            </line>
          </reporter-output>
        </test-method> <!-- roundtrip_selection -->
        <test-method is-config="true" signature="quit()[pri:0, instance:airlines.Project2.Testcase5_searchforRoundtrip@5ba3f27a]" started-at="2024-09-10T20:30:53 CDT" name="quit" finished-at="2024-09-10T20:30:58 CDT" duration-ms="5015" status="PASS">
          <reporter-output>
          </reporter-output>
        </test-method> <!-- quit -->
      </class> <!-- airlines.Project2.Testcase5_searchforRoundtrip -->
      <class name="airlines.Project2.Testcase7_Multicity_selection">
        <test-method is-config="true" signature="launch_browser()[pri:0, instance:airlines.Project2.Testcase7_Multicity_selection@2dc54ad4]" started-at="2024-09-10T20:30:58 CDT" name="launch_browser" finished-at="2024-09-10T20:31:00 CDT" duration-ms="2287" status="PASS">
          <reporter-output>
          </reporter-output>
        </test-method> <!-- launch_browser -->
        <test-method signature="multicity_search()[pri:0, instance:airlines.Project2.Testcase7_Multicity_selection@2dc54ad4]" started-at="2024-09-10T20:31:00 CDT" name="multicity_search" finished-at="2024-09-10T20:31:26 CDT" duration-ms="26243" status="PASS">
          <reporter-output>
            <line>
              <![CDATA[Test case is pass]]>
            </line>
          </reporter-output>
        </test-method> <!-- multicity_search -->
        <test-method is-config="true" signature="quit()[pri:0, instance:airlines.Project2.Testcase7_Multicity_selection@2dc54ad4]" started-at="2024-09-10T20:31:26 CDT" name="quit" finished-at="2024-09-10T20:31:31 CDT" duration-ms="5011" status="PASS">
          <reporter-output>
          </reporter-output>
        </test-method> <!-- quit -->
      </class> <!-- airlines.Project2.Testcase7_Multicity_selection -->
      <class name="airlines.Project2.Testcase4_Oneway_searchflight">
        <test-method is-config="true" signature="launch_browser()[pri:0, instance:airlines.Project2.Testcase4_Oneway_searchflight@4659191b]" started-at="2024-09-10T20:31:31 CDT" name="launch_browser" finished-at="2024-09-10T20:31:34 CDT" duration-ms="2916" status="PASS">
          <reporter-output>
          </reporter-output>
        </test-method> <!-- launch_browser -->
        <test-method signature="searchforflight()[pri:0, instance:airlines.Project2.Testcase4_Oneway_searchflight@4659191b]" started-at="2024-09-10T20:31:34 CDT" name="searchforflight" finished-at="2024-09-10T20:31:52 CDT" duration-ms="17784" status="PASS">
          <reporter-output>
            <line>
              <![CDATA[Test case is pass]]>
            </line>
          </reporter-output>
        </test-method> <!-- searchforflight -->
        <test-method is-config="true" signature="quit()[pri:0, instance:airlines.Project2.Testcase4_Oneway_searchflight@4659191b]" started-at="2024-09-10T20:31:52 CDT" name="quit" finished-at="2024-09-10T20:31:57 CDT" duration-ms="5015" status="PASS">
          <reporter-output>
          </reporter-output>
        </test-method> <!-- quit -->
      </class> <!-- airlines.Project2.Testcase4_Oneway_searchflight -->
      <class name="airlines.Project2.Testcase6_economy_Business">
        <test-method is-config="true" signature="launch_browser()[pri:0, instance:airlines.Project2.Testcase6_economy_Business@55634720]" started-at="2024-09-10T20:31:57 CDT" name="launch_browser" finished-at="2024-09-10T20:32:00 CDT" duration-ms="2295" status="PASS">
          <reporter-output>
          </reporter-output>
        </test-method> <!-- launch_browser -->
        <test-method signature="validating_business_class()[pri:0, instance:airlines.Project2.Testcase6_economy_Business@55634720]" started-at="2024-09-10T20:32:00 CDT" name="validating_business_class" finished-at="2024-09-10T20:32:22 CDT" duration-ms="22050" status="PASS">
          <reporter-output>
            <line>
              <![CDATA[Test case is pass]]>
            </line>
          </reporter-output>
        </test-method> <!-- validating_business_class -->
        <test-method is-config="true" signature="quit()[pri:0, instance:airlines.Project2.Testcase6_economy_Business@55634720]" started-at="2024-09-10T20:32:22 CDT" name="quit" finished-at="2024-09-10T20:32:27 CDT" duration-ms="5019" status="PASS">
          <reporter-output>
          </reporter-output>
        </test-method> <!-- quit -->
      </class> <!-- airlines.Project2.Testcase6_economy_Business -->
      <class name="airlines.Project2.Testcase8_Seatselection">
        <test-method is-config="true" signature="launch_browser()[pri:0, instance:airlines.Project2.Testcase8_Seatselection@4b0d79fc]" started-at="2024-09-10T20:32:27 CDT" name="launch_browser" finished-at="2024-09-10T20:32:29 CDT" duration-ms="2064" status="PASS">
          <reporter-output>
          </reporter-output>
        </test-method> <!-- launch_browser -->
        <test-method signature="seatselection()[pri:0, instance:airlines.Project2.Testcase8_Seatselection@4b0d79fc]" started-at="2024-09-10T20:32:29 CDT" name="seatselection" finished-at="2024-09-10T20:33:25 CDT" duration-ms="56228" status="PASS">
          <reporter-output>
            <line>
              <![CDATA[Test case is pass]]>
            </line>
          </reporter-output>
        </test-method> <!-- seatselection -->
        <test-method is-config="true" signature="quit()[pri:0, instance:airlines.Project2.Testcase8_Seatselection@4b0d79fc]" started-at="2024-09-10T20:33:25 CDT" name="quit" finished-at="2024-09-10T20:33:30 CDT" duration-ms="5004" status="PASS">
          <reporter-output>
          </reporter-output>
        </test-method> <!-- quit -->
      </class> <!-- airlines.Project2.Testcase8_Seatselection -->
      <class name="airlines.Project2.Testcase9_MultiplePassengers_Singlebooking">
        <test-method is-config="true" signature="launch_browser()[pri:0, instance:airlines.Project2.Testcase9_MultiplePassengers_Singlebooking@4c1909a3]" started-at="2024-09-10T20:33:30 CDT" name="launch_browser" finished-at="2024-09-10T20:33:32 CDT" duration-ms="2114" status="PASS">
          <reporter-output>
          </reporter-output>
        </test-method> <!-- launch_browser -->
        <test-method signature="multiplepassengers()[pri:0, instance:airlines.Project2.Testcase9_MultiplePassengers_Singlebooking@4c1909a3]" started-at="2024-09-10T20:33:32 CDT" name="multiplepassengers" finished-at="2024-09-10T20:34:12 CDT" duration-ms="39602" status="PASS">
          <reporter-output>
            <line>
              <![CDATA[Test case is pass]]>
            </line>
          </reporter-output>
        </test-method> <!-- multiplepassengers -->
        <test-method is-config="true" signature="quit()[pri:0, instance:airlines.Project2.Testcase9_MultiplePassengers_Singlebooking@4c1909a3]" started-at="2024-09-10T20:34:12 CDT" name="quit" finished-at="2024-09-10T20:34:17 CDT" duration-ms="5017" status="PASS">
          <reporter-output>
          </reporter-output>
        </test-method> <!-- quit -->
      </class> <!-- airlines.Project2.Testcase9_MultiplePassengers_Singlebooking -->
    </test> <!-- Test -->
  </suite> <!-- Suite -->
</testng-results>
